<?xml version="1.0" encoding="UTF-8"?>
<!-- Generated by org.testng.reporters.JUnitXMLReporter -->
<testsuite ignored="4" hostname="DESKTOP-8UTBN9F" failures="0" tests="5" name="Default test" time="73.759" errors="0" timestamp="2024-12-23T15:38:43 EET">
  <testcase classname="qa_almosafer.test_Almosafer" name="check_hotel_tap_is_not_select" time="0.075"/>
  <testcase classname="qa_almosafer.test_Almosafer" name="check_date" time="0.154"/>
  <testcase classname="qa_almosafer.test_Almosafer" name="randomly_change_the_language" time="11.788"/>
  <testcase classname="qa_almosafer.test_Almosafer" name="check_the_page_is_fully_loded" time="30.144"/>
  <testcase classname="qa_almosafer.test_Almosafer" name="sort" time="20.622"/>
  <testcase classname="qa_almosafer.test_Almosafer" name="check_the_currency_is_SAR" time="0.0">
    <ignored/>
  </testcase> <!-- check_the_currency_is_SAR -->
  <testcase classname="qa_almosafer.test_Almosafer" name="check_contact_number" time="0.0">
    <ignored/>
  </testcase> <!-- check_contact_number -->
  <testcase classname="qa_almosafer.test_Almosafer" name="check_qitaf_logo_is_there_in_footer" time="0.0">
    <ignored/>
  </testcase> <!-- check_qitaf_logo_is_there_in_footer -->
  <testcase classname="qa_almosafer.test_Almosafer" name="check_en_language_is_defult" time="0.0">
    <ignored/>
  </testcase> <!-- check_en_language_is_defult -->
</testsuite> <!-- Default test -->
