<?xml version="1.0" encoding="UTF-8"?>
<!-- Generated by org.testng.reporters.JUnitXMLReporter -->
<testsuite ignored="7" hostname="DESKTOP-8UTBN9F" failures="0" tests="1" name="Default test" time="6.281" errors="0" timestamp="2024-12-22T20:48:36 EET">
  <testcase classname="qa_almosafer.test_Almosafer" name="check_en_language_is_defult" time="0.494"/>
  <testcase classname="qa_almosafer.test_Almosafer" name="check_the_currency_is_SAR" time="0.0">
    <ignored/>
  </testcase> <!-- check_the_currency_is_SAR -->
  <testcase classname="qa_almosafer.test_Almosafer" name="randomly_change_the_language" time="0.0">
    <ignored/>
  </testcase> <!-- randomly_change_the_language -->
  <testcase classname="qa_almosafer.test_Almosafer" name="check_contact_number" time="0.0">
    <ignored/>
  </testcase> <!-- check_contact_number -->
  <testcase classname="qa_almosafer.test_Almosafer" name="sort" time="0.0">
    <ignored/>
  </testcase> <!-- sort -->
  <testcase classname="qa_almosafer.test_Almosafer" name="check_date" time="0.0">
    <ignored/>
  </testcase> <!-- check_date -->
  <testcase classname="qa_almosafer.test_Almosafer" name="check_qitaf_logo_is_there_in_footer" time="0.0">
    <ignored/>
  </testcase> <!-- check_qitaf_logo_is_there_in_footer -->
  <testcase classname="qa_almosafer.test_Almosafer" name="check_hotel_tap_is_not_select" time="0.0">
    <ignored/>
  </testcase> <!-- check_hotel_tap_is_not_select -->
</testsuite> <!-- Default test -->
