<?xml version="1.0" encoding="UTF-8"?>
<testng-results ignored="7" total="8" passed="1" failed="0" skipped="0">
  <reporter-output>
  </reporter-output>
  <suite started-at="2024-12-22T20:48:30 EET" name="Default suite" finished-at="2024-12-22T20:48:36 EET" duration-ms="6281">
    <groups>
    </groups>
    <test started-at="2024-12-22T20:48:30 EET" name="Default test" finished-at="2024-12-22T20:48:36 EET" duration-ms="6281">
      <class name="qa_almosafer.test_Almosafer">
        <test-method is-config="true" signature="my_setup()[pri:0, instance:qa_almosafer.test_Almosafer@294e5088]" started-at="2024-12-22T20:48:30 EET" name="my_setup" finished-at="2024-12-22T20:48:36 EET" duration-ms="5726" status="PASS">
          <reporter-output>
          </reporter-output>
        </test-method> <!-- my_setup -->
        <test-method signature="check_en_language_is_defult()[pri:1, instance:qa_almosafer.test_Almosafer@294e5088]" started-at="2024-12-22T20:48:36 EET" name="check_en_language_is_defult" finished-at="2024-12-22T20:48:36 EET" duration-ms="494" status="PASS">
          <reporter-output>
          </reporter-output>
        </test-method> <!-- check_en_language_is_defult -->
      </class> <!-- qa_almosafer.test_Almosafer -->
    </test> <!-- Default test -->
  </suite> <!-- Default suite -->
</testng-results>
